2018-06-15 14:37:00,244 - INFO  - logging.application.name_IS_UNDEFINED - org.springframework.context.annotation.AnnotationConfigApplicationContext - Refreshing org.springframework.context.annotation.AnnotationConfigApplicationContext@5117dd67: startup date [Fri Jun 15 14:37:00 CST 2018]; root of context hierarchy
2018-06-15 14:37:00,925 - INFO  - logging.application.name_IS_UNDEFINED - o.springframework.beans.factory.annotation.AutowiredAnnotationBeanPostProcessor - JSR-330 'javax.inject.Inject' annotation found and supported for autowiring
2018-06-15 14:37:00,944 - INFO  - logging.application.name_IS_UNDEFINED - org.hibernate.validator.internal.util.Version - HV000001: Hibernate Validator 5.3.6.Final
2018-06-15 14:37:01,075 - INFO  - logging.application.name_IS_UNDEFINED - o.s.context.support.PostProcessorRegistrationDelegate$BeanPostProcessorChecker - Bean 'configurationPropertiesRebinderAutoConfiguration' of type [org.springframework.cloud.autoconfigure.ConfigurationPropertiesRebinderAutoConfiguration$$EnhancerBySpringCGLIB$$dcc06eb1] is not eligible for getting processed by all BeanPostProcessors (for example: not eligible for auto-proxying)
2018-06-15 14:37:01,298 - WARN  - logging.application.name_IS_UNDEFINED - org.hibernate.validator.messageinterpolation.ParameterMessageInterpolator - HV000184: ParameterMessageInterpolator has been chosen, EL interpolation will not be supported
2018-06-15 14:37:02,134 - INFO  - logging.application.name_IS_UNDEFINED - com.dragonball.web.api.DragonBallWebApiApplication - The following profiles are active: dev
2018-06-15 14:37:02,157 - INFO  - logging.application.name_IS_UNDEFINED - o.s.boot.context.embedded.AnnotationConfigEmbeddedWebApplicationContext - Refreshing org.springframework.boot.context.embedded.AnnotationConfigEmbeddedWebApplicationContext@6124287a: startup date [Fri Jun 15 14:37:02 CST 2018]; parent: org.springframework.context.annotation.AnnotationConfigApplicationContext@5117dd67
2018-06-15 14:37:03,717 - INFO  - logging.application.name_IS_UNDEFINED - org.springframework.data.repository.config.RepositoryConfigurationDelegate - Multiple Spring Data modules found, entering strict repository configuration mode!
2018-06-15 14:37:04,277 - INFO  - logging.application.name_IS_UNDEFINED - org.springframework.cloud.context.scope.GenericScope - BeanFactory id=9dc8a666-cb35-3218-a05b-55f14a72e1a0
2018-06-15 14:37:04,315 - INFO  - logging.application.name_IS_UNDEFINED - o.springframework.beans.factory.annotation.AutowiredAnnotationBeanPostProcessor - JSR-330 'javax.inject.Inject' annotation found and supported for autowiring
2018-06-15 14:37:04,540 - INFO  - logging.application.name_IS_UNDEFINED - o.s.context.support.PostProcessorRegistrationDelegate$BeanPostProcessorChecker - Bean 'org.springframework.transaction.annotation.ProxyTransactionManagementConfiguration' of type [org.springframework.transaction.annotation.ProxyTransactionManagementConfiguration$$EnhancerBySpringCGLIB$$c0a66bb4] is not eligible for getting processed by all BeanPostProcessors (for example: not eligible for auto-proxying)
2018-06-15 14:37:04,591 - INFO  - logging.application.name_IS_UNDEFINED - o.s.context.support.PostProcessorRegistrationDelegate$BeanPostProcessorChecker - Bean 'org.springframework.cloud.autoconfigure.ConfigurationPropertiesRebinderAutoConfiguration' of type [org.springframework.cloud.autoconfigure.ConfigurationPropertiesRebinderAutoConfiguration$$EnhancerBySpringCGLIB$$dcc06eb1] is not eligible for getting processed by all BeanPostProcessors (for example: not eligible for auto-proxying)
2018-06-15 14:37:04,676 - WARN  - logging.application.name_IS_UNDEFINED - org.hibernate.validator.messageinterpolation.ParameterMessageInterpolator - HV000184: ParameterMessageInterpolator has been chosen, EL interpolation will not be supported
2018-06-15 14:37:05,469 - INFO  - logging.application.name_IS_UNDEFINED - org.springframework.boot.context.embedded.tomcat.TomcatEmbeddedServletContainer - Tomcat initialized with port(s): 8080 (http)
2018-06-15 14:37:05,511 - INFO  - logging.application.name_IS_UNDEFINED - org.apache.catalina.core.StandardService - Starting service [Tomcat]
2018-06-15 14:37:05,513 - INFO  - logging.application.name_IS_UNDEFINED - org.apache.catalina.core.StandardEngine - Starting Servlet Engine: Apache Tomcat/8.5.23
2018-06-15 14:37:05,903 - INFO  - logging.application.name_IS_UNDEFINED - org.apache.catalina.core.ContainerBase.[Tomcat].[localhost].[/] - Initializing Spring embedded WebApplicationContext
2018-06-15 14:37:05,905 - INFO  - logging.application.name_IS_UNDEFINED - org.springframework.web.context.ContextLoader - Root WebApplicationContext: initialization completed in 3749 ms
2018-06-15 14:37:06,168 - INFO  - logging.application.name_IS_UNDEFINED - org.springframework.boot.web.servlet.ServletRegistrationBean - Mapping servlet: 'dispatcherServlet' to [/]
2018-06-15 14:37:06,175 - INFO  - logging.application.name_IS_UNDEFINED - org.springframework.boot.web.servlet.FilterRegistrationBean - Mapping filter: 'characterEncodingFilter' to: [/*]
2018-06-15 14:37:06,176 - INFO  - logging.application.name_IS_UNDEFINED - org.springframework.boot.web.servlet.FilterRegistrationBean - Mapping filter: 'hiddenHttpMethodFilter' to: [/*]
2018-06-15 14:37:06,177 - INFO  - logging.application.name_IS_UNDEFINED - org.springframework.boot.web.servlet.FilterRegistrationBean - Mapping filter: 'httpPutFormContentFilter' to: [/*]
2018-06-15 14:37:06,177 - INFO  - logging.application.name_IS_UNDEFINED - org.springframework.boot.web.servlet.FilterRegistrationBean - Mapping filter: 'requestContextFilter' to: [/*]
2018-06-15 14:37:07,328 - WARN  - logging.application.name_IS_UNDEFINED - org.springframework.cloud.netflix.archaius.ArchaiusAutoConfiguration - No spring.application.name found, defaulting to 'application'
2018-06-15 14:37:07,338 - WARN  - logging.application.name_IS_UNDEFINED - com.netflix.config.sources.URLConfigurationSource - No URLs will be polled as dynamic configuration sources.
2018-06-15 14:37:07,338 - INFO  - logging.application.name_IS_UNDEFINED - com.netflix.config.sources.URLConfigurationSource - To enable URLs as dynamic configuration sources, define System property archaius.configurationSource.additionalUrls or make config.properties available on classpath.
2018-06-15 14:37:07,361 - WARN  - logging.application.name_IS_UNDEFINED - com.netflix.config.sources.URLConfigurationSource - No URLs will be polled as dynamic configuration sources.
2018-06-15 14:37:07,361 - INFO  - logging.application.name_IS_UNDEFINED - com.netflix.config.sources.URLConfigurationSource - To enable URLs as dynamic configuration sources, define System property archaius.configurationSource.additionalUrls or make config.properties available on classpath.
2018-06-15 14:37:07,421 - WARN  - logging.application.name_IS_UNDEFINED - org.hibernate.validator.messageinterpolation.ParameterMessageInterpolator - HV000184: ParameterMessageInterpolator has been chosen, EL interpolation will not be supported
2018-06-15 14:37:07,872 - INFO  - logging.application.name_IS_UNDEFINED - o.springframework.web.servlet.mvc.method.annotation.RequestMappingHandlerAdapter - Looking for @ControllerAdvice: org.springframework.boot.context.embedded.AnnotationConfigEmbeddedWebApplicationContext@6124287a: startup date [Fri Jun 15 14:37:02 CST 2018]; parent: org.springframework.context.annotation.AnnotationConfigApplicationContext@5117dd67
2018-06-15 14:37:08,033 - INFO  - logging.application.name_IS_UNDEFINED - o.springframework.web.servlet.mvc.method.annotation.RequestMappingHandlerMapping - Mapped "{[/user/addUser],methods=[POST]}" onto public com.dragonball.common.context.response.IServiceResponse com.dragonball.web.api.controller.user.UserController.addUser(com.dragonball.model.user.request.UserRequest)
2018-06-15 14:37:08,034 - INFO  - logging.application.name_IS_UNDEFINED - o.springframework.web.servlet.mvc.method.annotation.RequestMappingHandlerMapping - Mapped "{[/user/selectUser],methods=[POST]}" onto public com.dragonball.common.context.response.IServiceResponse com.dragonball.web.api.controller.user.UserController.selectUser(com.dragonball.model.user.request.UserRequest)
2018-06-15 14:37:08,035 - INFO  - logging.application.name_IS_UNDEFINED - o.springframework.web.servlet.mvc.method.annotation.RequestMappingHandlerMapping - Mapped "{[/user/updateUser],methods=[POST]}" onto public com.dragonball.common.context.response.IServiceResponse com.dragonball.web.api.controller.user.UserController.updateUser(com.dragonball.model.user.request.UserRequest)
2018-06-15 14:37:08,035 - INFO  - logging.application.name_IS_UNDEFINED - o.springframework.web.servlet.mvc.method.annotation.RequestMappingHandlerMapping - Mapped "{[/user/deleteUser],methods=[POST]}" onto public com.dragonball.common.context.response.IServiceResponse com.dragonball.web.api.controller.user.UserController.deleteUser(com.dragonball.model.user.request.UserRequest)
2018-06-15 14:37:08,037 - INFO  - logging.application.name_IS_UNDEFINED - o.springframework.web.servlet.mvc.method.annotation.RequestMappingHandlerMapping - Mapped "{[/error]}" onto public org.springframework.http.ResponseEntity<java.util.Map<java.lang.String, java.lang.Object>> org.springframework.boot.autoconfigure.web.BasicErrorController.error(javax.servlet.http.HttpServletRequest)
2018-06-15 14:37:08,038 - INFO  - logging.application.name_IS_UNDEFINED - o.springframework.web.servlet.mvc.method.annotation.RequestMappingHandlerMapping - Mapped "{[/error],produces=[text/html]}" onto public org.springframework.web.servlet.ModelAndView org.springframework.boot.autoconfigure.web.BasicErrorController.errorHtml(javax.servlet.http.HttpServletRequest,javax.servlet.http.HttpServletResponse)
2018-06-15 14:37:08,101 - INFO  - logging.application.name_IS_UNDEFINED - org.springframework.web.servlet.handler.SimpleUrlHandlerMapping - Mapped URL path [/webjars/**] onto handler of type [class org.springframework.web.servlet.resource.ResourceHttpRequestHandler]
2018-06-15 14:37:08,102 - INFO  - logging.application.name_IS_UNDEFINED - org.springframework.web.servlet.handler.SimpleUrlHandlerMapping - Mapped URL path [/**] onto handler of type [class org.springframework.web.servlet.resource.ResourceHttpRequestHandler]
2018-06-15 14:37:08,186 - INFO  - logging.application.name_IS_UNDEFINED - org.springframework.web.servlet.handler.SimpleUrlHandlerMapping - Mapped URL path [/**/favicon.ico] onto handler of type [class org.springframework.web.servlet.resource.ResourceHttpRequestHandler]
2018-06-15 14:37:10,677 - WARN  - logging.application.name_IS_UNDEFINED - o.s.cloud.starter.eureka.EurekaStarterDeprecationWarningAutoConfiguration - spring-cloud-starter-eureka is deprecated as of Spring Cloud Netflix 1.4.0, please migrate to spring-cloud-starter-netflix-eureka
2018-06-15 14:37:10,896 - INFO  - logging.application.name_IS_UNDEFINED - org.springframework.jmx.export.annotation.AnnotationMBeanExporter - Registering beans for JMX exposure on startup
2018-06-15 14:37:10,910 - INFO  - logging.application.name_IS_UNDEFINED - org.springframework.jmx.export.annotation.AnnotationMBeanExporter - Bean with name 'environmentManager' has been autodetected for JMX exposure
2018-06-15 14:37:10,913 - INFO  - logging.application.name_IS_UNDEFINED - org.springframework.jmx.export.annotation.AnnotationMBeanExporter - Bean with name 'configurationPropertiesRebinder' has been autodetected for JMX exposure
2018-06-15 14:37:10,918 - INFO  - logging.application.name_IS_UNDEFINED - org.springframework.jmx.export.annotation.AnnotationMBeanExporter - Bean with name 'refreshScope' has been autodetected for JMX exposure
2018-06-15 14:37:10,923 - INFO  - logging.application.name_IS_UNDEFINED - org.springframework.jmx.export.annotation.AnnotationMBeanExporter - Located managed bean 'environmentManager': registering with JMX server as MBean [org.springframework.cloud.context.environment:name=environmentManager,type=EnvironmentManager]
2018-06-15 14:37:10,948 - INFO  - logging.application.name_IS_UNDEFINED - org.springframework.jmx.export.annotation.AnnotationMBeanExporter - Located managed bean 'refreshScope': registering with JMX server as MBean [org.springframework.cloud.context.scope.refresh:name=refreshScope,type=RefreshScope]
2018-06-15 14:37:10,968 - INFO  - logging.application.name_IS_UNDEFINED - org.springframework.jmx.export.annotation.AnnotationMBeanExporter - Located managed bean 'configurationPropertiesRebinder': registering with JMX server as MBean [org.springframework.cloud.context.properties:name=configurationPropertiesRebinder,context=6124287a,type=ConfigurationPropertiesRebinder]
2018-06-15 14:37:11,204 - WARN  - logging.application.name_IS_UNDEFINED - org.hibernate.validator.messageinterpolation.ParameterMessageInterpolator - HV000184: ParameterMessageInterpolator has been chosen, EL interpolation will not be supported
2018-06-15 14:37:11,230 - INFO  - logging.application.name_IS_UNDEFINED - org.springframework.context.support.DefaultLifecycleProcessor - Starting beans in phase 0
2018-06-15 14:37:11,244 - INFO  - logging.application.name_IS_UNDEFINED - org.springframework.cloud.netflix.eureka.InstanceInfoFactory - Setting initial instance status as: STARTING
2018-06-15 14:37:11,358 - INFO  - logging.application.name_IS_UNDEFINED - com.netflix.discovery.DiscoveryClient - Initializing Eureka in region us-east-1
2018-06-15 14:37:11,359 - INFO  - logging.application.name_IS_UNDEFINED - com.netflix.discovery.DiscoveryClient - Client configured to neither register nor query for data.
2018-06-15 14:37:11,394 - INFO  - logging.application.name_IS_UNDEFINED - com.netflix.discovery.DiscoveryClient - Discovery Client initialized at timestamp 1529044631393 with initial instances count: 0
2018-06-15 14:37:11,407 - INFO  - logging.application.name_IS_UNDEFINED - org.springframework.cloud.netflix.eureka.serviceregistry.EurekaServiceRegistry - Registering application unknown with eureka with status UP
2018-06-15 14:37:11,431 - INFO  - logging.application.name_IS_UNDEFINED - org.apache.coyote.http11.Http11NioProtocol - Initializing ProtocolHandler ["http-nio-8080"]
2018-06-15 14:37:11,452 - INFO  - logging.application.name_IS_UNDEFINED - org.apache.coyote.http11.Http11NioProtocol - Starting ProtocolHandler ["http-nio-8080"]
2018-06-15 14:37:11,478 - INFO  - logging.application.name_IS_UNDEFINED - org.apache.tomcat.util.net.NioSelectorPool - Using a shared selector for servlet write/read
2018-06-15 14:37:11,576 - INFO  - logging.application.name_IS_UNDEFINED - org.springframework.boot.context.embedded.tomcat.TomcatEmbeddedServletContainer - Tomcat started on port(s): 8080 (http)
2018-06-15 14:37:11,583 - INFO  - logging.application.name_IS_UNDEFINED - o.s.cloud.netflix.eureka.serviceregistry.EurekaAutoServiceRegistration - Updating port to 8080
2018-06-15 14:37:11,587 - INFO  - logging.application.name_IS_UNDEFINED - com.dragonball.web.api.DragonBallWebApiApplication - Started DragonBallWebApiApplication in 13.18 seconds (JVM running for 14.95)
2018-06-15 14:37:17,987 - INFO  - logging.application.name_IS_UNDEFINED - org.apache.catalina.core.ContainerBase.[Tomcat].[localhost].[/] - Initializing Spring FrameworkServlet 'dispatcherServlet'
2018-06-15 14:37:17,988 - INFO  - logging.application.name_IS_UNDEFINED - org.springframework.web.servlet.DispatcherServlet - FrameworkServlet 'dispatcherServlet': initialization started
2018-06-15 14:37:18,038 - INFO  - logging.application.name_IS_UNDEFINED - org.springframework.web.servlet.DispatcherServlet - FrameworkServlet 'dispatcherServlet': initialization completed in 50 ms
2018-06-15 14:42:54,552 - INFO  - logging.application.name_IS_UNDEFINED - org.springframework.context.annotation.AnnotationConfigApplicationContext - Refreshing org.springframework.context.annotation.AnnotationConfigApplicationContext@5117dd67: startup date [Fri Jun 15 14:42:54 CST 2018]; root of context hierarchy
2018-06-15 14:42:55,257 - INFO  - logging.application.name_IS_UNDEFINED - o.springframework.beans.factory.annotation.AutowiredAnnotationBeanPostProcessor - JSR-330 'javax.inject.Inject' annotation found and supported for autowiring
2018-06-15 14:42:55,413 - INFO  - logging.application.name_IS_UNDEFINED - o.s.context.support.PostProcessorRegistrationDelegate$BeanPostProcessorChecker - Bean 'configurationPropertiesRebinderAutoConfiguration' of type [org.springframework.cloud.autoconfigure.ConfigurationPropertiesRebinderAutoConfiguration$$EnhancerBySpringCGLIB$$dcc06eb1] is not eligible for getting processed by all BeanPostProcessors (for example: not eligible for auto-proxying)
2018-06-15 14:42:55,432 - INFO  - logging.application.name_IS_UNDEFINED - org.hibernate.validator.internal.util.Version - HV000001: Hibernate Validator 5.3.6.Final
2018-06-15 14:42:55,586 - WARN  - logging.application.name_IS_UNDEFINED - org.hibernate.validator.messageinterpolation.ParameterMessageInterpolator - HV000184: ParameterMessageInterpolator has been chosen, EL interpolation will not be supported
2018-06-15 14:42:57,042 - INFO  - logging.application.name_IS_UNDEFINED - com.dragonball.web.api.DragonBallWebApiApplication - The following profiles are active: dev
2018-06-15 14:42:57,072 - INFO  - logging.application.name_IS_UNDEFINED - o.s.boot.context.embedded.AnnotationConfigEmbeddedWebApplicationContext - Refreshing org.springframework.boot.context.embedded.AnnotationConfigEmbeddedWebApplicationContext@7c6442c2: startup date [Fri Jun 15 14:42:57 CST 2018]; parent: org.springframework.context.annotation.AnnotationConfigApplicationContext@5117dd67
2018-06-15 14:42:58,481 - INFO  - logging.application.name_IS_UNDEFINED - org.springframework.data.repository.config.RepositoryConfigurationDelegate - Multiple Spring Data modules found, entering strict repository configuration mode!
2018-06-15 14:42:58,964 - INFO  - logging.application.name_IS_UNDEFINED - org.springframework.cloud.context.scope.GenericScope - BeanFactory id=9dc8a666-cb35-3218-a05b-55f14a72e1a0
2018-06-15 14:42:59,001 - INFO  - logging.application.name_IS_UNDEFINED - o.springframework.beans.factory.annotation.AutowiredAnnotationBeanPostProcessor - JSR-330 'javax.inject.Inject' annotation found and supported for autowiring
2018-06-15 14:42:59,254 - INFO  - logging.application.name_IS_UNDEFINED - o.s.context.support.PostProcessorRegistrationDelegate$BeanPostProcessorChecker - Bean 'org.springframework.transaction.annotation.ProxyTransactionManagementConfiguration' of type [org.springframework.transaction.annotation.ProxyTransactionManagementConfiguration$$EnhancerBySpringCGLIB$$c0a66bb4] is not eligible for getting processed by all BeanPostProcessors (for example: not eligible for auto-proxying)
2018-06-15 14:42:59,308 - INFO  - logging.application.name_IS_UNDEFINED - o.s.context.support.PostProcessorRegistrationDelegate$BeanPostProcessorChecker - Bean 'org.springframework.cloud.autoconfigure.ConfigurationPropertiesRebinderAutoConfiguration' of type [org.springframework.cloud.autoconfigure.ConfigurationPropertiesRebinderAutoConfiguration$$EnhancerBySpringCGLIB$$dcc06eb1] is not eligible for getting processed by all BeanPostProcessors (for example: not eligible for auto-proxying)
2018-06-15 14:42:59,382 - WARN  - logging.application.name_IS_UNDEFINED - org.hibernate.validator.messageinterpolation.ParameterMessageInterpolator - HV000184: ParameterMessageInterpolator has been chosen, EL interpolation will not be supported
2018-06-15 14:43:00,266 - INFO  - logging.application.name_IS_UNDEFINED - org.springframework.boot.context.embedded.tomcat.TomcatEmbeddedServletContainer - Tomcat initialized with port(s): 8080 (http)
2018-06-15 14:43:00,293 - INFO  - logging.application.name_IS_UNDEFINED - org.apache.catalina.core.StandardService - Starting service [Tomcat]
2018-06-15 14:43:00,295 - INFO  - logging.application.name_IS_UNDEFINED - org.apache.catalina.core.StandardEngine - Starting Servlet Engine: Apache Tomcat/8.5.23
2018-06-15 14:43:00,700 - INFO  - logging.application.name_IS_UNDEFINED - org.apache.catalina.core.ContainerBase.[Tomcat].[localhost].[/] - Initializing Spring embedded WebApplicationContext
2018-06-15 14:43:00,702 - INFO  - logging.application.name_IS_UNDEFINED - org.springframework.web.context.ContextLoader - Root WebApplicationContext: initialization completed in 3630 ms
2018-06-15 14:43:01,038 - INFO  - logging.application.name_IS_UNDEFINED - org.springframework.boot.web.servlet.ServletRegistrationBean - Mapping servlet: 'dispatcherServlet' to [/]
2018-06-15 14:43:01,048 - INFO  - logging.application.name_IS_UNDEFINED - org.springframework.boot.web.servlet.FilterRegistrationBean - Mapping filter: 'characterEncodingFilter' to: [/*]
2018-06-15 14:43:01,049 - INFO  - logging.application.name_IS_UNDEFINED - org.springframework.boot.web.servlet.FilterRegistrationBean - Mapping filter: 'hiddenHttpMethodFilter' to: [/*]
2018-06-15 14:43:01,049 - INFO  - logging.application.name_IS_UNDEFINED - org.springframework.boot.web.servlet.FilterRegistrationBean - Mapping filter: 'httpPutFormContentFilter' to: [/*]
2018-06-15 14:43:01,049 - INFO  - logging.application.name_IS_UNDEFINED - org.springframework.boot.web.servlet.FilterRegistrationBean - Mapping filter: 'requestContextFilter' to: [/*]
2018-06-15 14:43:02,353 - WARN  - logging.application.name_IS_UNDEFINED - org.springframework.cloud.netflix.archaius.ArchaiusAutoConfiguration - No spring.application.name found, defaulting to 'application'
2018-06-15 14:43:02,367 - WARN  - logging.application.name_IS_UNDEFINED - com.netflix.config.sources.URLConfigurationSource - No URLs will be polled as dynamic configuration sources.
2018-06-15 14:43:02,368 - INFO  - logging.application.name_IS_UNDEFINED - com.netflix.config.sources.URLConfigurationSource - To enable URLs as dynamic configuration sources, define System property archaius.configurationSource.additionalUrls or make config.properties available on classpath.
2018-06-15 14:43:02,386 - WARN  - logging.application.name_IS_UNDEFINED - com.netflix.config.sources.URLConfigurationSource - No URLs will be polled as dynamic configuration sources.
2018-06-15 14:43:02,386 - INFO  - logging.application.name_IS_UNDEFINED - com.netflix.config.sources.URLConfigurationSource - To enable URLs as dynamic configuration sources, define System property archaius.configurationSource.additionalUrls or make config.properties available on classpath.
2018-06-15 14:43:02,452 - WARN  - logging.application.name_IS_UNDEFINED - org.hibernate.validator.messageinterpolation.ParameterMessageInterpolator - HV000184: ParameterMessageInterpolator has been chosen, EL interpolation will not be supported
2018-06-15 14:43:02,876 - INFO  - logging.application.name_IS_UNDEFINED - o.springframework.web.servlet.mvc.method.annotation.RequestMappingHandlerAdapter - Looking for @ControllerAdvice: org.springframework.boot.context.embedded.AnnotationConfigEmbeddedWebApplicationContext@7c6442c2: startup date [Fri Jun 15 14:42:57 CST 2018]; parent: org.springframework.context.annotation.AnnotationConfigApplicationContext@5117dd67
2018-06-15 14:43:03,036 - INFO  - logging.application.name_IS_UNDEFINED - o.springframework.web.servlet.mvc.method.annotation.RequestMappingHandlerMapping - Mapped "{[/user/addUser],methods=[POST]}" onto public com.dragonball.common.context.response.IServiceResponse com.dragonball.web.api.controller.user.UserController.addUser(com.dragonball.model.user.request.UserRequest)
2018-06-15 14:43:03,038 - INFO  - logging.application.name_IS_UNDEFINED - o.springframework.web.servlet.mvc.method.annotation.RequestMappingHandlerMapping - Mapped "{[/user/selectUser],methods=[POST]}" onto public com.dragonball.common.context.response.IServiceResponse com.dragonball.web.api.controller.user.UserController.selectUser(com.dragonball.model.user.request.UserRequest)
2018-06-15 14:43:03,039 - INFO  - logging.application.name_IS_UNDEFINED - o.springframework.web.servlet.mvc.method.annotation.RequestMappingHandlerMapping - Mapped "{[/user/updateUser],methods=[POST]}" onto public com.dragonball.common.context.response.IServiceResponse com.dragonball.web.api.controller.user.UserController.updateUser(com.dragonball.model.user.request.UserRequest)
2018-06-15 14:43:03,040 - INFO  - logging.application.name_IS_UNDEFINED - o.springframework.web.servlet.mvc.method.annotation.RequestMappingHandlerMapping - Mapped "{[/user/deleteUser],methods=[POST]}" onto public com.dragonball.common.context.response.IServiceResponse com.dragonball.web.api.controller.user.UserController.deleteUser(com.dragonball.model.user.request.UserRequest)
2018-06-15 14:43:03,043 - INFO  - logging.application.name_IS_UNDEFINED - o.springframework.web.servlet.mvc.method.annotation.RequestMappingHandlerMapping - Mapped "{[/error]}" onto public org.springframework.http.ResponseEntity<java.util.Map<java.lang.String, java.lang.Object>> org.springframework.boot.autoconfigure.web.BasicErrorController.error(javax.servlet.http.HttpServletRequest)
2018-06-15 14:43:03,045 - INFO  - logging.application.name_IS_UNDEFINED - o.springframework.web.servlet.mvc.method.annotation.RequestMappingHandlerMapping - Mapped "{[/error],produces=[text/html]}" onto public org.springframework.web.servlet.ModelAndView org.springframework.boot.autoconfigure.web.BasicErrorController.errorHtml(javax.servlet.http.HttpServletRequest,javax.servlet.http.HttpServletResponse)
2018-06-15 14:43:03,134 - INFO  - logging.application.name_IS_UNDEFINED - org.springframework.web.servlet.handler.SimpleUrlHandlerMapping - Mapped URL path [/webjars/**] onto handler of type [class org.springframework.web.servlet.resource.ResourceHttpRequestHandler]
2018-06-15 14:43:03,136 - INFO  - logging.application.name_IS_UNDEFINED - org.springframework.web.servlet.handler.SimpleUrlHandlerMapping - Mapped URL path [/**] onto handler of type [class org.springframework.web.servlet.resource.ResourceHttpRequestHandler]
2018-06-15 14:43:03,228 - INFO  - logging.application.name_IS_UNDEFINED - org.springframework.web.servlet.handler.SimpleUrlHandlerMapping - Mapped URL path [/**/favicon.ico] onto handler of type [class org.springframework.web.servlet.resource.ResourceHttpRequestHandler]
2018-06-15 14:43:05,913 - WARN  - logging.application.name_IS_UNDEFINED - o.s.cloud.starter.eureka.EurekaStarterDeprecationWarningAutoConfiguration - spring-cloud-starter-eureka is deprecated as of Spring Cloud Netflix 1.4.0, please migrate to spring-cloud-starter-netflix-eureka
2018-06-15 14:43:06,142 - INFO  - logging.application.name_IS_UNDEFINED - org.springframework.jmx.export.annotation.AnnotationMBeanExporter - Registering beans for JMX exposure on startup
2018-06-15 14:43:06,161 - INFO  - logging.application.name_IS_UNDEFINED - org.springframework.jmx.export.annotation.AnnotationMBeanExporter - Bean with name 'environmentManager' has been autodetected for JMX exposure
2018-06-15 14:43:06,163 - INFO  - logging.application.name_IS_UNDEFINED - org.springframework.jmx.export.annotation.AnnotationMBeanExporter - Bean with name 'configurationPropertiesRebinder' has been autodetected for JMX exposure
2018-06-15 14:43:06,167 - INFO  - logging.application.name_IS_UNDEFINED - org.springframework.jmx.export.annotation.AnnotationMBeanExporter - Bean with name 'refreshScope' has been autodetected for JMX exposure
2018-06-15 14:43:06,170 - INFO  - logging.application.name_IS_UNDEFINED - org.springframework.jmx.export.annotation.AnnotationMBeanExporter - Located managed bean 'environmentManager': registering with JMX server as MBean [org.springframework.cloud.context.environment:name=environmentManager,type=EnvironmentManager]
2018-06-15 14:43:06,194 - INFO  - logging.application.name_IS_UNDEFINED - org.springframework.jmx.export.annotation.AnnotationMBeanExporter - Located managed bean 'refreshScope': registering with JMX server as MBean [org.springframework.cloud.context.scope.refresh:name=refreshScope,type=RefreshScope]
2018-06-15 14:43:06,228 - INFO  - logging.application.name_IS_UNDEFINED - org.springframework.jmx.export.annotation.AnnotationMBeanExporter - Located managed bean 'configurationPropertiesRebinder': registering with JMX server as MBean [org.springframework.cloud.context.properties:name=configurationPropertiesRebinder,context=7c6442c2,type=ConfigurationPropertiesRebinder]
2018-06-15 14:43:06,504 - WARN  - logging.application.name_IS_UNDEFINED - org.hibernate.validator.messageinterpolation.ParameterMessageInterpolator - HV000184: ParameterMessageInterpolator has been chosen, EL interpolation will not be supported
2018-06-15 14:43:06,525 - INFO  - logging.application.name_IS_UNDEFINED - org.springframework.context.support.DefaultLifecycleProcessor - Starting beans in phase 0
2018-06-15 14:43:06,548 - INFO  - logging.application.name_IS_UNDEFINED - org.springframework.cloud.netflix.eureka.InstanceInfoFactory - Setting initial instance status as: STARTING
2018-06-15 14:43:06,673 - INFO  - logging.application.name_IS_UNDEFINED - com.netflix.discovery.DiscoveryClient - Initializing Eureka in region us-east-1
2018-06-15 14:43:06,674 - INFO  - logging.application.name_IS_UNDEFINED - com.netflix.discovery.DiscoveryClient - Client configured to neither register nor query for data.
2018-06-15 14:43:06,701 - INFO  - logging.application.name_IS_UNDEFINED - com.netflix.discovery.DiscoveryClient - Discovery Client initialized at timestamp 1529044986700 with initial instances count: 0
2018-06-15 14:43:06,722 - INFO  - logging.application.name_IS_UNDEFINED - org.springframework.cloud.netflix.eureka.serviceregistry.EurekaServiceRegistry - Registering application unknown with eureka with status UP
2018-06-15 14:43:06,753 - INFO  - logging.application.name_IS_UNDEFINED - org.apache.coyote.http11.Http11NioProtocol - Initializing ProtocolHandler ["http-nio-8080"]
2018-06-15 14:43:06,786 - INFO  - logging.application.name_IS_UNDEFINED - org.apache.coyote.http11.Http11NioProtocol - Starting ProtocolHandler ["http-nio-8080"]
2018-06-15 14:43:06,823 - INFO  - logging.application.name_IS_UNDEFINED - org.apache.tomcat.util.net.NioSelectorPool - Using a shared selector for servlet write/read
2018-06-15 14:43:06,877 - INFO  - logging.application.name_IS_UNDEFINED - org.springframework.boot.context.embedded.tomcat.TomcatEmbeddedServletContainer - Tomcat started on port(s): 8080 (http)
2018-06-15 14:43:06,878 - INFO  - logging.application.name_IS_UNDEFINED - o.s.cloud.netflix.eureka.serviceregistry.EurekaAutoServiceRegistration - Updating port to 8080
2018-06-15 14:43:06,884 - INFO  - logging.application.name_IS_UNDEFINED - com.dragonball.web.api.DragonBallWebApiApplication - Started DragonBallWebApiApplication in 13.908 seconds (JVM running for 15.478)
2018-06-15 14:43:08,902 - INFO  - logging.application.name_IS_UNDEFINED - org.apache.catalina.core.ContainerBase.[Tomcat].[localhost].[/] - Initializing Spring FrameworkServlet 'dispatcherServlet'
2018-06-15 14:43:08,903 - INFO  - logging.application.name_IS_UNDEFINED - org.springframework.web.servlet.DispatcherServlet - FrameworkServlet 'dispatcherServlet': initialization started
2018-06-15 14:43:08,951 - INFO  - logging.application.name_IS_UNDEFINED - org.springframework.web.servlet.DispatcherServlet - FrameworkServlet 'dispatcherServlet': initialization completed in 48 ms
2018-06-15 14:43:27,127 - INFO  - logging.application.name_IS_UNDEFINED - org.springframework.context.annotation.AnnotationConfigApplicationContext - Refreshing org.springframework.context.annotation.AnnotationConfigApplicationContext@5117dd67: startup date [Fri Jun 15 14:43:27 CST 2018]; root of context hierarchy
2018-06-15 14:43:27,659 - INFO  - logging.application.name_IS_UNDEFINED - org.hibernate.validator.internal.util.Version - HV000001: Hibernate Validator 5.3.6.Final
2018-06-15 14:43:27,685 - INFO  - logging.application.name_IS_UNDEFINED - o.springframework.beans.factory.annotation.AutowiredAnnotationBeanPostProcessor - JSR-330 'javax.inject.Inject' annotation found and supported for autowiring
2018-06-15 14:43:27,782 - INFO  - logging.application.name_IS_UNDEFINED - o.s.context.support.PostProcessorRegistrationDelegate$BeanPostProcessorChecker - Bean 'configurationPropertiesRebinderAutoConfiguration' of type [org.springframework.cloud.autoconfigure.ConfigurationPropertiesRebinderAutoConfiguration$$EnhancerBySpringCGLIB$$1f93f3a8] is not eligible for getting processed by all BeanPostProcessors (for example: not eligible for auto-proxying)
2018-06-15 14:43:27,930 - WARN  - logging.application.name_IS_UNDEFINED - org.hibernate.validator.messageinterpolation.ParameterMessageInterpolator - HV000184: ParameterMessageInterpolator has been chosen, EL interpolation will not be supported
2018-06-15 14:43:28,701 - INFO  - logging.application.name_IS_UNDEFINED - com.dragonball.web.api.DragonBallWebApiApplication - The following profiles are active: dev
2018-06-15 14:43:28,725 - INFO  - logging.application.name_IS_UNDEFINED - o.s.boot.context.embedded.AnnotationConfigEmbeddedWebApplicationContext - Refreshing org.springframework.boot.context.embedded.AnnotationConfigEmbeddedWebApplicationContext@ca66933: startup date [Fri Jun 15 14:43:28 CST 2018]; parent: org.springframework.context.annotation.AnnotationConfigApplicationContext@5117dd67
2018-06-15 14:43:30,115 - INFO  - logging.application.name_IS_UNDEFINED - org.springframework.data.repository.config.RepositoryConfigurationDelegate - Multiple Spring Data modules found, entering strict repository configuration mode!
2018-06-15 14:43:30,603 - INFO  - logging.application.name_IS_UNDEFINED - org.springframework.cloud.context.scope.GenericScope - BeanFactory id=9dc8a666-cb35-3218-a05b-55f14a72e1a0
2018-06-15 14:43:30,638 - INFO  - logging.application.name_IS_UNDEFINED - o.springframework.beans.factory.annotation.AutowiredAnnotationBeanPostProcessor - JSR-330 'javax.inject.Inject' annotation found and supported for autowiring
2018-06-15 14:43:30,865 - INFO  - logging.application.name_IS_UNDEFINED - o.s.context.support.PostProcessorRegistrationDelegate$BeanPostProcessorChecker - Bean 'org.springframework.transaction.annotation.ProxyTransactionManagementConfiguration' of type [org.springframework.transaction.annotation.ProxyTransactionManagementConfiguration$$EnhancerBySpringCGLIB$$379f0ab] is not eligible for getting processed by all BeanPostProcessors (for example: not eligible for auto-proxying)
2018-06-15 14:43:30,920 - INFO  - logging.application.name_IS_UNDEFINED - o.s.context.support.PostProcessorRegistrationDelegate$BeanPostProcessorChecker - Bean 'org.springframework.cloud.autoconfigure.ConfigurationPropertiesRebinderAutoConfiguration' of type [org.springframework.cloud.autoconfigure.ConfigurationPropertiesRebinderAutoConfiguration$$EnhancerBySpringCGLIB$$1f93f3a8] is not eligible for getting processed by all BeanPostProcessors (for example: not eligible for auto-proxying)
2018-06-15 14:43:31,004 - WARN  - logging.application.name_IS_UNDEFINED - org.hibernate.validator.messageinterpolation.ParameterMessageInterpolator - HV000184: ParameterMessageInterpolator has been chosen, EL interpolation will not be supported
2018-06-15 14:43:31,811 - INFO  - logging.application.name_IS_UNDEFINED - org.springframework.boot.context.embedded.tomcat.TomcatEmbeddedServletContainer - Tomcat initialized with port(s): 8080 (http)
2018-06-15 14:43:31,830 - INFO  - logging.application.name_IS_UNDEFINED - org.apache.catalina.core.StandardService - Starting service [Tomcat]
2018-06-15 14:43:31,832 - INFO  - logging.application.name_IS_UNDEFINED - org.apache.catalina.core.StandardEngine - Starting Servlet Engine: Apache Tomcat/8.5.23
2018-06-15 14:43:32,248 - INFO  - logging.application.name_IS_UNDEFINED - org.apache.catalina.core.ContainerBase.[Tomcat].[localhost].[/] - Initializing Spring embedded WebApplicationContext
2018-06-15 14:43:32,250 - INFO  - logging.application.name_IS_UNDEFINED - org.springframework.web.context.ContextLoader - Root WebApplicationContext: initialization completed in 3525 ms
2018-06-15 14:43:32,590 - INFO  - logging.application.name_IS_UNDEFINED - org.springframework.boot.web.servlet.ServletRegistrationBean - Mapping servlet: 'dispatcherServlet' to [/]
2018-06-15 14:43:32,601 - INFO  - logging.application.name_IS_UNDEFINED - org.springframework.boot.web.servlet.FilterRegistrationBean - Mapping filter: 'characterEncodingFilter' to: [/*]
2018-06-15 14:43:32,603 - INFO  - logging.application.name_IS_UNDEFINED - org.springframework.boot.web.servlet.FilterRegistrationBean - Mapping filter: 'hiddenHttpMethodFilter' to: [/*]
2018-06-15 14:43:32,603 - INFO  - logging.application.name_IS_UNDEFINED - org.springframework.boot.web.servlet.FilterRegistrationBean - Mapping filter: 'httpPutFormContentFilter' to: [/*]
2018-06-15 14:43:32,603 - INFO  - logging.application.name_IS_UNDEFINED - org.springframework.boot.web.servlet.FilterRegistrationBean - Mapping filter: 'requestContextFilter' to: [/*]
2018-06-15 14:43:33,938 - WARN  - logging.application.name_IS_UNDEFINED - org.springframework.cloud.netflix.archaius.ArchaiusAutoConfiguration - No spring.application.name found, defaulting to 'application'
2018-06-15 14:43:33,947 - WARN  - logging.application.name_IS_UNDEFINED - com.netflix.config.sources.URLConfigurationSource - No URLs will be polled as dynamic configuration sources.
2018-06-15 14:43:33,947 - INFO  - logging.application.name_IS_UNDEFINED - com.netflix.config.sources.URLConfigurationSource - To enable URLs as dynamic configuration sources, define System property archaius.configurationSource.additionalUrls or make config.properties available on classpath.
2018-06-15 14:43:33,957 - WARN  - logging.application.name_IS_UNDEFINED - com.netflix.config.sources.URLConfigurationSource - No URLs will be polled as dynamic configuration sources.
2018-06-15 14:43:33,957 - INFO  - logging.application.name_IS_UNDEFINED - com.netflix.config.sources.URLConfigurationSource - To enable URLs as dynamic configuration sources, define System property archaius.configurationSource.additionalUrls or make config.properties available on classpath.
2018-06-15 14:43:34,018 - WARN  - logging.application.name_IS_UNDEFINED - org.hibernate.validator.messageinterpolation.ParameterMessageInterpolator - HV000184: ParameterMessageInterpolator has been chosen, EL interpolation will not be supported
2018-06-15 14:43:34,460 - INFO  - logging.application.name_IS_UNDEFINED - o.springframework.web.servlet.mvc.method.annotation.RequestMappingHandlerAdapter - Looking for @ControllerAdvice: org.springframework.boot.context.embedded.AnnotationConfigEmbeddedWebApplicationContext@ca66933: startup date [Fri Jun 15 14:43:28 CST 2018]; parent: org.springframework.context.annotation.AnnotationConfigApplicationContext@5117dd67
2018-06-15 14:43:34,600 - INFO  - logging.application.name_IS_UNDEFINED - o.springframework.web.servlet.mvc.method.annotation.RequestMappingHandlerMapping - Mapped "{[/user/addUser],methods=[POST]}" onto public com.dragonball.common.context.response.IServiceResponse com.dragonball.web.api.controller.user.UserController.addUser(com.dragonball.model.user.request.UserRequest)
2018-06-15 14:43:34,601 - INFO  - logging.application.name_IS_UNDEFINED - o.springframework.web.servlet.mvc.method.annotation.RequestMappingHandlerMapping - Mapped "{[/user/selectUser],methods=[POST]}" onto public com.dragonball.common.context.response.IServiceResponse com.dragonball.web.api.controller.user.UserController.selectUser(com.dragonball.model.user.request.UserRequest)
2018-06-15 14:43:34,602 - INFO  - logging.application.name_IS_UNDEFINED - o.springframework.web.servlet.mvc.method.annotation.RequestMappingHandlerMapping - Mapped "{[/user/updateUser],methods=[POST]}" onto public com.dragonball.common.context.response.IServiceResponse com.dragonball.web.api.controller.user.UserController.updateUser(com.dragonball.model.user.request.UserRequest)
2018-06-15 14:43:34,603 - INFO  - logging.application.name_IS_UNDEFINED - o.springframework.web.servlet.mvc.method.annotation.RequestMappingHandlerMapping - Mapped "{[/user/deleteUser],methods=[POST]}" onto public com.dragonball.common.context.response.IServiceResponse com.dragonball.web.api.controller.user.UserController.deleteUser(com.dragonball.model.user.request.UserRequest)
2018-06-15 14:43:34,605 - INFO  - logging.application.name_IS_UNDEFINED - o.springframework.web.servlet.mvc.method.annotation.RequestMappingHandlerMapping - Mapped "{[/error]}" onto public org.springframework.http.ResponseEntity<java.util.Map<java.lang.String, java.lang.Object>> org.springframework.boot.autoconfigure.web.BasicErrorController.error(javax.servlet.http.HttpServletRequest)
2018-06-15 14:43:34,606 - INFO  - logging.application.name_IS_UNDEFINED - o.springframework.web.servlet.mvc.method.annotation.RequestMappingHandlerMapping - Mapped "{[/error],produces=[text/html]}" onto public org.springframework.web.servlet.ModelAndView org.springframework.boot.autoconfigure.web.BasicErrorController.errorHtml(javax.servlet.http.HttpServletRequest,javax.servlet.http.HttpServletResponse)
2018-06-15 14:43:34,692 - INFO  - logging.application.name_IS_UNDEFINED - org.springframework.web.servlet.handler.SimpleUrlHandlerMapping - Mapped URL path [/webjars/**] onto handler of type [class org.springframework.web.servlet.resource.ResourceHttpRequestHandler]
2018-06-15 14:43:34,693 - INFO  - logging.application.name_IS_UNDEFINED - org.springframework.web.servlet.handler.SimpleUrlHandlerMapping - Mapped URL path [/**] onto handler of type [class org.springframework.web.servlet.resource.ResourceHttpRequestHandler]
2018-06-15 14:43:34,783 - INFO  - logging.application.name_IS_UNDEFINED - org.springframework.web.servlet.handler.SimpleUrlHandlerMapping - Mapped URL path [/**/favicon.ico] onto handler of type [class org.springframework.web.servlet.resource.ResourceHttpRequestHandler]
2018-06-15 14:43:37,089 - WARN  - logging.application.name_IS_UNDEFINED - o.s.cloud.starter.eureka.EurekaStarterDeprecationWarningAutoConfiguration - spring-cloud-starter-eureka is deprecated as of Spring Cloud Netflix 1.4.0, please migrate to spring-cloud-starter-netflix-eureka
2018-06-15 14:43:37,358 - INFO  - logging.application.name_IS_UNDEFINED - org.springframework.jmx.export.annotation.AnnotationMBeanExporter - Registering beans for JMX exposure on startup
2018-06-15 14:43:37,376 - INFO  - logging.application.name_IS_UNDEFINED - org.springframework.jmx.export.annotation.AnnotationMBeanExporter - Bean with name 'environmentManager' has been autodetected for JMX exposure
2018-06-15 14:43:37,379 - INFO  - logging.application.name_IS_UNDEFINED - org.springframework.jmx.export.annotation.AnnotationMBeanExporter - Bean with name 'configurationPropertiesRebinder' has been autodetected for JMX exposure
2018-06-15 14:43:37,381 - INFO  - logging.application.name_IS_UNDEFINED - org.springframework.jmx.export.annotation.AnnotationMBeanExporter - Bean with name 'refreshScope' has been autodetected for JMX exposure
2018-06-15 14:43:37,384 - INFO  - logging.application.name_IS_UNDEFINED - org.springframework.jmx.export.annotation.AnnotationMBeanExporter - Located managed bean 'environmentManager': registering with JMX server as MBean [org.springframework.cloud.context.environment:name=environmentManager,type=EnvironmentManager]
2018-06-15 14:43:37,408 - INFO  - logging.application.name_IS_UNDEFINED - org.springframework.jmx.export.annotation.AnnotationMBeanExporter - Located managed bean 'refreshScope': registering with JMX server as MBean [org.springframework.cloud.context.scope.refresh:name=refreshScope,type=RefreshScope]
2018-06-15 14:43:37,437 - INFO  - logging.application.name_IS_UNDEFINED - org.springframework.jmx.export.annotation.AnnotationMBeanExporter - Located managed bean 'configurationPropertiesRebinder': registering with JMX server as MBean [org.springframework.cloud.context.properties:name=configurationPropertiesRebinder,context=ca66933,type=ConfigurationPropertiesRebinder]
2018-06-15 14:43:37,762 - WARN  - logging.application.name_IS_UNDEFINED - org.hibernate.validator.messageinterpolation.ParameterMessageInterpolator - HV000184: ParameterMessageInterpolator has been chosen, EL interpolation will not be supported
2018-06-15 14:43:37,780 - INFO  - logging.application.name_IS_UNDEFINED - org.springframework.context.support.DefaultLifecycleProcessor - Starting beans in phase 0
2018-06-15 14:43:37,806 - INFO  - logging.application.name_IS_UNDEFINED - org.springframework.cloud.netflix.eureka.InstanceInfoFactory - Setting initial instance status as: STARTING
2018-06-15 14:43:37,905 - INFO  - logging.application.name_IS_UNDEFINED - com.netflix.discovery.DiscoveryClient - Initializing Eureka in region us-east-1
2018-06-15 14:43:37,906 - INFO  - logging.application.name_IS_UNDEFINED - com.netflix.discovery.DiscoveryClient - Client configured to neither register nor query for data.
2018-06-15 14:43:37,933 - INFO  - logging.application.name_IS_UNDEFINED - com.netflix.discovery.DiscoveryClient - Discovery Client initialized at timestamp 1529045017932 with initial instances count: 0
2018-06-15 14:43:37,949 - INFO  - logging.application.name_IS_UNDEFINED - org.springframework.cloud.netflix.eureka.serviceregistry.EurekaServiceRegistry - Registering application unknown with eureka with status UP
2018-06-15 14:43:38,001 - INFO  - logging.application.name_IS_UNDEFINED - org.apache.coyote.http11.Http11NioProtocol - Initializing ProtocolHandler ["http-nio-8080"]
2018-06-15 14:43:38,038 - INFO  - logging.application.name_IS_UNDEFINED - org.apache.coyote.http11.Http11NioProtocol - Starting ProtocolHandler ["http-nio-8080"]
2018-06-15 14:43:38,092 - INFO  - logging.application.name_IS_UNDEFINED - org.apache.tomcat.util.net.NioSelectorPool - Using a shared selector for servlet write/read
2018-06-15 14:43:38,162 - INFO  - logging.application.name_IS_UNDEFINED - org.springframework.boot.context.embedded.tomcat.TomcatEmbeddedServletContainer - Tomcat started on port(s): 8080 (http)
2018-06-15 14:43:38,165 - INFO  - logging.application.name_IS_UNDEFINED - o.s.cloud.netflix.eureka.serviceregistry.EurekaAutoServiceRegistration - Updating port to 8080
2018-06-15 14:43:38,171 - INFO  - logging.application.name_IS_UNDEFINED - com.dragonball.web.api.DragonBallWebApiApplication - Started DragonBallWebApiApplication in 13.289 seconds (JVM running for 14.788)
2018-06-15 14:43:43,827 - INFO  - logging.application.name_IS_UNDEFINED - org.apache.catalina.core.ContainerBase.[Tomcat].[localhost].[/] - Initializing Spring FrameworkServlet 'dispatcherServlet'
2018-06-15 14:43:43,827 - INFO  - logging.application.name_IS_UNDEFINED - org.springframework.web.servlet.DispatcherServlet - FrameworkServlet 'dispatcherServlet': initialization started
2018-06-15 14:43:43,884 - INFO  - logging.application.name_IS_UNDEFINED - org.springframework.web.servlet.DispatcherServlet - FrameworkServlet 'dispatcherServlet': initialization completed in 56 ms
