2018-06-05 10:41:22,148 - INFO  - logging.application.name_IS_UNDEFINED - org.springframework.context.annotation.AnnotationConfigApplicationContext - Refreshing org.springframework.context.annotation.AnnotationConfigApplicationContext@5117dd67: startup date [Tue Jun 05 10:41:22 CST 2018]; root of context hierarchy
2018-06-05 10:41:22,682 - INFO  - logging.application.name_IS_UNDEFINED - org.hibernate.validator.internal.util.Version - HV000001: Hibernate Validator 5.3.6.Final
2018-06-05 10:41:22,750 - INFO  - logging.application.name_IS_UNDEFINED - o.springframework.beans.factory.annotation.AutowiredAnnotationBeanPostProcessor - JSR-330 'javax.inject.Inject' annotation found and supported for autowiring
2018-06-05 10:41:22,817 - INFO  - logging.application.name_IS_UNDEFINED - o.s.context.support.PostProcessorRegistrationDelegate$BeanPostProcessorChecker - Bean 'configurationPropertiesRebinderAutoConfiguration' of type [org.springframework.cloud.autoconfigure.ConfigurationPropertiesRebinderAutoConfiguration$$EnhancerBySpringCGLIB$$3156371] is not eligible for getting processed by all BeanPostProcessors (for example: not eligible for auto-proxying)
2018-06-05 10:41:22,979 - WARN  - logging.application.name_IS_UNDEFINED - org.hibernate.validator.messageinterpolation.ParameterMessageInterpolator - HV000184: ParameterMessageInterpolator has been chosen, EL interpolation will not be supported
2018-06-05 10:41:23,748 - INFO  - logging.application.name_IS_UNDEFINED - com.dragonball.web.api.DragonBallWebApiApplication - The following profiles are active: dev
2018-06-05 10:41:23,773 - INFO  - logging.application.name_IS_UNDEFINED - o.s.boot.context.embedded.AnnotationConfigEmbeddedWebApplicationContext - Refreshing org.springframework.boot.context.embedded.AnnotationConfigEmbeddedWebApplicationContext@332f25c8: startup date [Tue Jun 05 10:41:23 CST 2018]; parent: org.springframework.context.annotation.AnnotationConfigApplicationContext@5117dd67
2018-06-05 10:41:24,768 - INFO  - logging.application.name_IS_UNDEFINED - org.springframework.data.repository.config.RepositoryConfigurationDelegate - Multiple Spring Data modules found, entering strict repository configuration mode!
2018-06-05 10:41:25,259 - INFO  - logging.application.name_IS_UNDEFINED - org.springframework.cloud.context.scope.GenericScope - BeanFactory id=9dc8a666-cb35-3218-a05b-55f14a72e1a0
2018-06-05 10:41:25,309 - INFO  - logging.application.name_IS_UNDEFINED - o.springframework.beans.factory.annotation.AutowiredAnnotationBeanPostProcessor - JSR-330 'javax.inject.Inject' annotation found and supported for autowiring
2018-06-05 10:41:25,586 - INFO  - logging.application.name_IS_UNDEFINED - o.s.context.support.PostProcessorRegistrationDelegate$BeanPostProcessorChecker - Bean 'org.springframework.transaction.annotation.ProxyTransactionManagementConfiguration' of type [org.springframework.transaction.annotation.ProxyTransactionManagementConfiguration$$EnhancerBySpringCGLIB$$e6fb6074] is not eligible for getting processed by all BeanPostProcessors (for example: not eligible for auto-proxying)
2018-06-05 10:41:25,649 - INFO  - logging.application.name_IS_UNDEFINED - o.s.context.support.PostProcessorRegistrationDelegate$BeanPostProcessorChecker - Bean 'org.springframework.cloud.autoconfigure.ConfigurationPropertiesRebinderAutoConfiguration' of type [org.springframework.cloud.autoconfigure.ConfigurationPropertiesRebinderAutoConfiguration$$EnhancerBySpringCGLIB$$3156371] is not eligible for getting processed by all BeanPostProcessors (for example: not eligible for auto-proxying)
2018-06-05 10:41:25,729 - WARN  - logging.application.name_IS_UNDEFINED - org.hibernate.validator.messageinterpolation.ParameterMessageInterpolator - HV000184: ParameterMessageInterpolator has been chosen, EL interpolation will not be supported
2018-06-05 10:41:26,367 - INFO  - logging.application.name_IS_UNDEFINED - org.springframework.boot.context.embedded.tomcat.TomcatEmbeddedServletContainer - Tomcat initialized with port(s): 8080 (http)
2018-06-05 10:41:26,388 - INFO  - logging.application.name_IS_UNDEFINED - org.apache.catalina.core.StandardService - Starting service [Tomcat]
2018-06-05 10:41:26,390 - INFO  - logging.application.name_IS_UNDEFINED - org.apache.catalina.core.StandardEngine - Starting Servlet Engine: Apache Tomcat/8.5.23
2018-06-05 10:41:26,623 - INFO  - logging.application.name_IS_UNDEFINED - org.apache.catalina.core.ContainerBase.[Tomcat].[localhost].[/] - Initializing Spring embedded WebApplicationContext
2018-06-05 10:41:26,623 - INFO  - logging.application.name_IS_UNDEFINED - org.springframework.web.context.ContextLoader - Root WebApplicationContext: initialization completed in 2850 ms
2018-06-05 10:41:26,818 - INFO  - logging.application.name_IS_UNDEFINED - org.springframework.boot.web.servlet.ServletRegistrationBean - Mapping servlet: 'dispatcherServlet' to [/]
2018-06-05 10:41:26,825 - INFO  - logging.application.name_IS_UNDEFINED - org.springframework.boot.web.servlet.FilterRegistrationBean - Mapping filter: 'characterEncodingFilter' to: [/*]
2018-06-05 10:41:26,826 - INFO  - logging.application.name_IS_UNDEFINED - org.springframework.boot.web.servlet.FilterRegistrationBean - Mapping filter: 'hiddenHttpMethodFilter' to: [/*]
2018-06-05 10:41:26,827 - INFO  - logging.application.name_IS_UNDEFINED - org.springframework.boot.web.servlet.FilterRegistrationBean - Mapping filter: 'httpPutFormContentFilter' to: [/*]
2018-06-05 10:41:26,827 - INFO  - logging.application.name_IS_UNDEFINED - org.springframework.boot.web.servlet.FilterRegistrationBean - Mapping filter: 'requestContextFilter' to: [/*]
2018-06-05 10:41:27,836 - WARN  - logging.application.name_IS_UNDEFINED - org.springframework.cloud.netflix.archaius.ArchaiusAutoConfiguration - No spring.application.name found, defaulting to 'application'
2018-06-05 10:41:27,842 - WARN  - logging.application.name_IS_UNDEFINED - com.netflix.config.sources.URLConfigurationSource - No URLs will be polled as dynamic configuration sources.
2018-06-05 10:41:27,843 - INFO  - logging.application.name_IS_UNDEFINED - com.netflix.config.sources.URLConfigurationSource - To enable URLs as dynamic configuration sources, define System property archaius.configurationSource.additionalUrls or make config.properties available on classpath.
2018-06-05 10:41:27,852 - WARN  - logging.application.name_IS_UNDEFINED - com.netflix.config.sources.URLConfigurationSource - No URLs will be polled as dynamic configuration sources.
2018-06-05 10:41:27,852 - INFO  - logging.application.name_IS_UNDEFINED - com.netflix.config.sources.URLConfigurationSource - To enable URLs as dynamic configuration sources, define System property archaius.configurationSource.additionalUrls or make config.properties available on classpath.
2018-06-05 10:41:27,888 - WARN  - logging.application.name_IS_UNDEFINED - org.hibernate.validator.messageinterpolation.ParameterMessageInterpolator - HV000184: ParameterMessageInterpolator has been chosen, EL interpolation will not be supported
2018-06-05 10:41:28,256 - INFO  - logging.application.name_IS_UNDEFINED - o.springframework.web.servlet.mvc.method.annotation.RequestMappingHandlerAdapter - Looking for @ControllerAdvice: org.springframework.boot.context.embedded.AnnotationConfigEmbeddedWebApplicationContext@332f25c8: startup date [Tue Jun 05 10:41:23 CST 2018]; parent: org.springframework.context.annotation.AnnotationConfigApplicationContext@5117dd67
2018-06-05 10:41:28,440 - INFO  - logging.application.name_IS_UNDEFINED - o.springframework.web.servlet.mvc.method.annotation.RequestMappingHandlerMapping - Mapped "{[/user/addUser],methods=[POST]}" onto public com.dragonball.common.context.response.IServiceResponse com.dragonball.web.api.controller.user.UserController.addUser(com.dragonball.model.user.request.UserRequest)
2018-06-05 10:41:28,441 - INFO  - logging.application.name_IS_UNDEFINED - o.springframework.web.servlet.mvc.method.annotation.RequestMappingHandlerMapping - Mapped "{[/user/updateUser],methods=[POST]}" onto public com.dragonball.common.context.response.IServiceResponse com.dragonball.web.api.controller.user.UserController.updateUser(com.dragonball.model.user.request.UserRequest)
2018-06-05 10:41:28,442 - INFO  - logging.application.name_IS_UNDEFINED - o.springframework.web.servlet.mvc.method.annotation.RequestMappingHandlerMapping - Mapped "{[/user/selectUser],methods=[POST]}" onto public com.dragonball.common.context.response.IServiceResponse com.dragonball.web.api.controller.user.UserController.selectUser(com.dragonball.model.user.request.UserRequest)
2018-06-05 10:41:28,443 - INFO  - logging.application.name_IS_UNDEFINED - o.springframework.web.servlet.mvc.method.annotation.RequestMappingHandlerMapping - Mapped "{[/user/deleteUser],methods=[POST]}" onto public com.dragonball.common.context.response.IServiceResponse com.dragonball.web.api.controller.user.UserController.deleteUser(com.dragonball.model.user.request.UserRequest)
2018-06-05 10:41:28,450 - INFO  - logging.application.name_IS_UNDEFINED - o.springframework.web.servlet.mvc.method.annotation.RequestMappingHandlerMapping - Mapped "{[/error]}" onto public org.springframework.http.ResponseEntity<java.util.Map<java.lang.String, java.lang.Object>> org.springframework.boot.autoconfigure.web.BasicErrorController.error(javax.servlet.http.HttpServletRequest)
2018-06-05 10:41:28,452 - INFO  - logging.application.name_IS_UNDEFINED - o.springframework.web.servlet.mvc.method.annotation.RequestMappingHandlerMapping - Mapped "{[/error],produces=[text/html]}" onto public org.springframework.web.servlet.ModelAndView org.springframework.boot.autoconfigure.web.BasicErrorController.errorHtml(javax.servlet.http.HttpServletRequest,javax.servlet.http.HttpServletResponse)
2018-06-05 10:41:28,528 - INFO  - logging.application.name_IS_UNDEFINED - org.springframework.web.servlet.handler.SimpleUrlHandlerMapping - Mapped URL path [/webjars/**] onto handler of type [class org.springframework.web.servlet.resource.ResourceHttpRequestHandler]
2018-06-05 10:41:28,529 - INFO  - logging.application.name_IS_UNDEFINED - org.springframework.web.servlet.handler.SimpleUrlHandlerMapping - Mapped URL path [/**] onto handler of type [class org.springframework.web.servlet.resource.ResourceHttpRequestHandler]
2018-06-05 10:41:28,618 - INFO  - logging.application.name_IS_UNDEFINED - org.springframework.web.servlet.handler.SimpleUrlHandlerMapping - Mapped URL path [/**/favicon.ico] onto handler of type [class org.springframework.web.servlet.resource.ResourceHttpRequestHandler]
2018-06-05 10:41:30,539 - WARN  - logging.application.name_IS_UNDEFINED - o.s.cloud.starter.eureka.EurekaStarterDeprecationWarningAutoConfiguration - spring-cloud-starter-eureka is deprecated as of Spring Cloud Netflix 1.4.0, please migrate to spring-cloud-starter-netflix-eureka
2018-06-05 10:41:30,726 - INFO  - logging.application.name_IS_UNDEFINED - org.springframework.jmx.export.annotation.AnnotationMBeanExporter - Registering beans for JMX exposure on startup
2018-06-05 10:41:30,737 - INFO  - logging.application.name_IS_UNDEFINED - org.springframework.jmx.export.annotation.AnnotationMBeanExporter - Bean with name 'environmentManager' has been autodetected for JMX exposure
2018-06-05 10:41:30,739 - INFO  - logging.application.name_IS_UNDEFINED - org.springframework.jmx.export.annotation.AnnotationMBeanExporter - Bean with name 'configurationPropertiesRebinder' has been autodetected for JMX exposure
2018-06-05 10:41:30,741 - INFO  - logging.application.name_IS_UNDEFINED - org.springframework.jmx.export.annotation.AnnotationMBeanExporter - Bean with name 'refreshScope' has been autodetected for JMX exposure
2018-06-05 10:41:30,743 - INFO  - logging.application.name_IS_UNDEFINED - org.springframework.jmx.export.annotation.AnnotationMBeanExporter - Located managed bean 'environmentManager': registering with JMX server as MBean [org.springframework.cloud.context.environment:name=environmentManager,type=EnvironmentManager]
2018-06-05 10:41:30,765 - INFO  - logging.application.name_IS_UNDEFINED - org.springframework.jmx.export.annotation.AnnotationMBeanExporter - Located managed bean 'refreshScope': registering with JMX server as MBean [org.springframework.cloud.context.scope.refresh:name=refreshScope,type=RefreshScope]
2018-06-05 10:41:30,784 - INFO  - logging.application.name_IS_UNDEFINED - org.springframework.jmx.export.annotation.AnnotationMBeanExporter - Located managed bean 'configurationPropertiesRebinder': registering with JMX server as MBean [org.springframework.cloud.context.properties:name=configurationPropertiesRebinder,context=332f25c8,type=ConfigurationPropertiesRebinder]
2018-06-05 10:41:30,976 - WARN  - logging.application.name_IS_UNDEFINED - org.hibernate.validator.messageinterpolation.ParameterMessageInterpolator - HV000184: ParameterMessageInterpolator has been chosen, EL interpolation will not be supported
2018-06-05 10:41:30,990 - INFO  - logging.application.name_IS_UNDEFINED - org.springframework.context.support.DefaultLifecycleProcessor - Starting beans in phase 0
2018-06-05 10:41:31,002 - INFO  - logging.application.name_IS_UNDEFINED - org.springframework.cloud.netflix.eureka.InstanceInfoFactory - Setting initial instance status as: STARTING
2018-06-05 10:41:31,090 - INFO  - logging.application.name_IS_UNDEFINED - com.netflix.discovery.DiscoveryClient - Initializing Eureka in region us-east-1
2018-06-05 10:41:31,091 - INFO  - logging.application.name_IS_UNDEFINED - com.netflix.discovery.DiscoveryClient - Client configured to neither register nor query for data.
2018-06-05 10:41:31,115 - INFO  - logging.application.name_IS_UNDEFINED - com.netflix.discovery.DiscoveryClient - Discovery Client initialized at timestamp 1528166491115 with initial instances count: 0
2018-06-05 10:41:31,129 - INFO  - logging.application.name_IS_UNDEFINED - org.springframework.cloud.netflix.eureka.serviceregistry.EurekaServiceRegistry - Registering application unknown with eureka with status UP
2018-06-05 10:41:31,154 - INFO  - logging.application.name_IS_UNDEFINED - org.apache.coyote.http11.Http11NioProtocol - Initializing ProtocolHandler ["http-nio-8080"]
2018-06-05 10:41:31,176 - INFO  - logging.application.name_IS_UNDEFINED - org.apache.coyote.http11.Http11NioProtocol - Starting ProtocolHandler ["http-nio-8080"]
2018-06-05 10:41:31,201 - INFO  - logging.application.name_IS_UNDEFINED - org.apache.tomcat.util.net.NioSelectorPool - Using a shared selector for servlet write/read
2018-06-05 10:41:31,275 - INFO  - logging.application.name_IS_UNDEFINED - org.springframework.boot.context.embedded.tomcat.TomcatEmbeddedServletContainer - Tomcat started on port(s): 8080 (http)
2018-06-05 10:41:31,276 - INFO  - logging.application.name_IS_UNDEFINED - o.s.cloud.netflix.eureka.serviceregistry.EurekaAutoServiceRegistration - Updating port to 8080
2018-06-05 10:41:31,283 - INFO  - logging.application.name_IS_UNDEFINED - com.dragonball.web.api.DragonBallWebApiApplication - Started DragonBallWebApiApplication in 10.376 seconds (JVM running for 12.848)
2018-06-05 10:42:57,540 - INFO  - logging.application.name_IS_UNDEFINED - org.springframework.context.annotation.AnnotationConfigApplicationContext - Refreshing org.springframework.context.annotation.AnnotationConfigApplicationContext@5117dd67: startup date [Tue Jun 05 10:42:57 CST 2018]; root of context hierarchy
2018-06-05 10:42:57,909 - INFO  - logging.application.name_IS_UNDEFINED - org.hibernate.validator.internal.util.Version - HV000001: Hibernate Validator 5.3.6.Final
2018-06-05 10:42:58,133 - INFO  - logging.application.name_IS_UNDEFINED - o.springframework.beans.factory.annotation.AutowiredAnnotationBeanPostProcessor - JSR-330 'javax.inject.Inject' annotation found and supported for autowiring
2018-06-05 10:42:58,214 - INFO  - logging.application.name_IS_UNDEFINED - o.s.context.support.PostProcessorRegistrationDelegate$BeanPostProcessorChecker - Bean 'configurationPropertiesRebinderAutoConfiguration' of type [org.springframework.cloud.autoconfigure.ConfigurationPropertiesRebinderAutoConfiguration$$EnhancerBySpringCGLIB$$8f69be5c] is not eligible for getting processed by all BeanPostProcessors (for example: not eligible for auto-proxying)
2018-06-05 10:42:58,376 - WARN  - logging.application.name_IS_UNDEFINED - org.hibernate.validator.messageinterpolation.ParameterMessageInterpolator - HV000184: ParameterMessageInterpolator has been chosen, EL interpolation will not be supported
2018-06-05 10:42:59,045 - INFO  - logging.application.name_IS_UNDEFINED - com.dragonball.web.api.DragonBallWebApiApplication - The following profiles are active: dev
2018-06-05 10:42:59,067 - INFO  - logging.application.name_IS_UNDEFINED - o.s.boot.context.embedded.AnnotationConfigEmbeddedWebApplicationContext - Refreshing org.springframework.boot.context.embedded.AnnotationConfigEmbeddedWebApplicationContext@51dbd6e4: startup date [Tue Jun 05 10:42:59 CST 2018]; parent: org.springframework.context.annotation.AnnotationConfigApplicationContext@5117dd67
2018-06-05 10:43:01,038 - INFO  - logging.application.name_IS_UNDEFINED - org.springframework.data.repository.config.RepositoryConfigurationDelegate - Multiple Spring Data modules found, entering strict repository configuration mode!
2018-06-05 10:43:01,656 - INFO  - logging.application.name_IS_UNDEFINED - org.springframework.cloud.context.scope.GenericScope - BeanFactory id=9dc8a666-cb35-3218-a05b-55f14a72e1a0
2018-06-05 10:43:01,691 - INFO  - logging.application.name_IS_UNDEFINED - o.springframework.beans.factory.annotation.AutowiredAnnotationBeanPostProcessor - JSR-330 'javax.inject.Inject' annotation found and supported for autowiring
2018-06-05 10:43:02,026 - INFO  - logging.application.name_IS_UNDEFINED - o.s.context.support.PostProcessorRegistrationDelegate$BeanPostProcessorChecker - Bean 'org.springframework.transaction.annotation.ProxyTransactionManagementConfiguration' of type [org.springframework.transaction.annotation.ProxyTransactionManagementConfiguration$$EnhancerBySpringCGLIB$$734fbb5f] is not eligible for getting processed by all BeanPostProcessors (for example: not eligible for auto-proxying)
2018-06-05 10:43:02,133 - INFO  - logging.application.name_IS_UNDEFINED - o.s.context.support.PostProcessorRegistrationDelegate$BeanPostProcessorChecker - Bean 'org.springframework.cloud.autoconfigure.ConfigurationPropertiesRebinderAutoConfiguration' of type [org.springframework.cloud.autoconfigure.ConfigurationPropertiesRebinderAutoConfiguration$$EnhancerBySpringCGLIB$$8f69be5c] is not eligible for getting processed by all BeanPostProcessors (for example: not eligible for auto-proxying)
2018-06-05 10:43:02,371 - WARN  - logging.application.name_IS_UNDEFINED - org.hibernate.validator.messageinterpolation.ParameterMessageInterpolator - HV000184: ParameterMessageInterpolator has been chosen, EL interpolation will not be supported
2018-06-05 10:43:03,195 - INFO  - logging.application.name_IS_UNDEFINED - org.springframework.boot.context.embedded.tomcat.TomcatEmbeddedServletContainer - Tomcat initialized with port(s): 8080 (http)
2018-06-05 10:43:03,222 - INFO  - logging.application.name_IS_UNDEFINED - org.apache.catalina.core.StandardService - Starting service [Tomcat]
2018-06-05 10:43:03,225 - INFO  - logging.application.name_IS_UNDEFINED - org.apache.catalina.core.StandardEngine - Starting Servlet Engine: Apache Tomcat/8.5.23
2018-06-05 10:43:03,536 - INFO  - logging.application.name_IS_UNDEFINED - org.apache.catalina.core.ContainerBase.[Tomcat].[localhost].[/] - Initializing Spring embedded WebApplicationContext
2018-06-05 10:43:03,536 - INFO  - logging.application.name_IS_UNDEFINED - org.springframework.web.context.ContextLoader - Root WebApplicationContext: initialization completed in 4469 ms
2018-06-05 10:43:03,935 - INFO  - logging.application.name_IS_UNDEFINED - org.springframework.boot.web.servlet.ServletRegistrationBean - Mapping servlet: 'dispatcherServlet' to [/]
2018-06-05 10:43:03,942 - INFO  - logging.application.name_IS_UNDEFINED - org.springframework.boot.web.servlet.FilterRegistrationBean - Mapping filter: 'characterEncodingFilter' to: [/*]
2018-06-05 10:43:03,943 - INFO  - logging.application.name_IS_UNDEFINED - org.springframework.boot.web.servlet.FilterRegistrationBean - Mapping filter: 'hiddenHttpMethodFilter' to: [/*]
2018-06-05 10:43:03,943 - INFO  - logging.application.name_IS_UNDEFINED - org.springframework.boot.web.servlet.FilterRegistrationBean - Mapping filter: 'httpPutFormContentFilter' to: [/*]
2018-06-05 10:43:03,943 - INFO  - logging.application.name_IS_UNDEFINED - org.springframework.boot.web.servlet.FilterRegistrationBean - Mapping filter: 'requestContextFilter' to: [/*]
2018-06-05 10:43:05,655 - WARN  - logging.application.name_IS_UNDEFINED - org.springframework.cloud.netflix.archaius.ArchaiusAutoConfiguration - No spring.application.name found, defaulting to 'application'
2018-06-05 10:43:05,663 - WARN  - logging.application.name_IS_UNDEFINED - com.netflix.config.sources.URLConfigurationSource - No URLs will be polled as dynamic configuration sources.
2018-06-05 10:43:05,663 - INFO  - logging.application.name_IS_UNDEFINED - com.netflix.config.sources.URLConfigurationSource - To enable URLs as dynamic configuration sources, define System property archaius.configurationSource.additionalUrls or make config.properties available on classpath.
2018-06-05 10:43:05,672 - WARN  - logging.application.name_IS_UNDEFINED - com.netflix.config.sources.URLConfigurationSource - No URLs will be polled as dynamic configuration sources.
2018-06-05 10:43:05,673 - INFO  - logging.application.name_IS_UNDEFINED - com.netflix.config.sources.URLConfigurationSource - To enable URLs as dynamic configuration sources, define System property archaius.configurationSource.additionalUrls or make config.properties available on classpath.
2018-06-05 10:43:05,708 - WARN  - logging.application.name_IS_UNDEFINED - org.hibernate.validator.messageinterpolation.ParameterMessageInterpolator - HV000184: ParameterMessageInterpolator has been chosen, EL interpolation will not be supported
2018-06-05 10:43:06,105 - INFO  - logging.application.name_IS_UNDEFINED - o.springframework.web.servlet.mvc.method.annotation.RequestMappingHandlerAdapter - Looking for @ControllerAdvice: org.springframework.boot.context.embedded.AnnotationConfigEmbeddedWebApplicationContext@51dbd6e4: startup date [Tue Jun 05 10:42:59 CST 2018]; parent: org.springframework.context.annotation.AnnotationConfigApplicationContext@5117dd67
2018-06-05 10:43:06,212 - INFO  - logging.application.name_IS_UNDEFINED - o.springframework.web.servlet.mvc.method.annotation.RequestMappingHandlerMapping - Mapped "{[/user/addUser],methods=[POST]}" onto public com.dragonball.common.context.response.IServiceResponse com.dragonball.web.api.controller.user.UserController.addUser(com.dragonball.model.user.request.UserRequest)
2018-06-05 10:43:06,214 - INFO  - logging.application.name_IS_UNDEFINED - o.springframework.web.servlet.mvc.method.annotation.RequestMappingHandlerMapping - Mapped "{[/user/updateUser],methods=[POST]}" onto public com.dragonball.common.context.response.IServiceResponse com.dragonball.web.api.controller.user.UserController.updateUser(com.dragonball.model.user.request.UserRequest)
2018-06-05 10:43:06,215 - INFO  - logging.application.name_IS_UNDEFINED - o.springframework.web.servlet.mvc.method.annotation.RequestMappingHandlerMapping - Mapped "{[/user/selectUser],methods=[GET]}" onto public com.dragonball.common.context.response.IServiceResponse com.dragonball.web.api.controller.user.UserController.selectUser(com.dragonball.model.user.request.UserRequest)
2018-06-05 10:43:06,215 - INFO  - logging.application.name_IS_UNDEFINED - o.springframework.web.servlet.mvc.method.annotation.RequestMappingHandlerMapping - Mapped "{[/user/deleteUser],methods=[POST]}" onto public com.dragonball.common.context.response.IServiceResponse com.dragonball.web.api.controller.user.UserController.deleteUser(com.dragonball.model.user.request.UserRequest)
2018-06-05 10:43:06,220 - INFO  - logging.application.name_IS_UNDEFINED - o.springframework.web.servlet.mvc.method.annotation.RequestMappingHandlerMapping - Mapped "{[/error]}" onto public org.springframework.http.ResponseEntity<java.util.Map<java.lang.String, java.lang.Object>> org.springframework.boot.autoconfigure.web.BasicErrorController.error(javax.servlet.http.HttpServletRequest)
2018-06-05 10:43:06,221 - INFO  - logging.application.name_IS_UNDEFINED - o.springframework.web.servlet.mvc.method.annotation.RequestMappingHandlerMapping - Mapped "{[/error],produces=[text/html]}" onto public org.springframework.web.servlet.ModelAndView org.springframework.boot.autoconfigure.web.BasicErrorController.errorHtml(javax.servlet.http.HttpServletRequest,javax.servlet.http.HttpServletResponse)
2018-06-05 10:43:06,288 - INFO  - logging.application.name_IS_UNDEFINED - org.springframework.web.servlet.handler.SimpleUrlHandlerMapping - Mapped URL path [/webjars/**] onto handler of type [class org.springframework.web.servlet.resource.ResourceHttpRequestHandler]
2018-06-05 10:43:06,288 - INFO  - logging.application.name_IS_UNDEFINED - org.springframework.web.servlet.handler.SimpleUrlHandlerMapping - Mapped URL path [/**] onto handler of type [class org.springframework.web.servlet.resource.ResourceHttpRequestHandler]
2018-06-05 10:43:06,364 - INFO  - logging.application.name_IS_UNDEFINED - org.springframework.web.servlet.handler.SimpleUrlHandlerMapping - Mapped URL path [/**/favicon.ico] onto handler of type [class org.springframework.web.servlet.resource.ResourceHttpRequestHandler]
2018-06-05 10:43:08,225 - WARN  - logging.application.name_IS_UNDEFINED - o.s.cloud.starter.eureka.EurekaStarterDeprecationWarningAutoConfiguration - spring-cloud-starter-eureka is deprecated as of Spring Cloud Netflix 1.4.0, please migrate to spring-cloud-starter-netflix-eureka
2018-06-05 10:43:08,407 - INFO  - logging.application.name_IS_UNDEFINED - org.springframework.jmx.export.annotation.AnnotationMBeanExporter - Registering beans for JMX exposure on startup
2018-06-05 10:43:08,418 - INFO  - logging.application.name_IS_UNDEFINED - org.springframework.jmx.export.annotation.AnnotationMBeanExporter - Bean with name 'environmentManager' has been autodetected for JMX exposure
2018-06-05 10:43:08,421 - INFO  - logging.application.name_IS_UNDEFINED - org.springframework.jmx.export.annotation.AnnotationMBeanExporter - Bean with name 'configurationPropertiesRebinder' has been autodetected for JMX exposure
2018-06-05 10:43:08,423 - INFO  - logging.application.name_IS_UNDEFINED - org.springframework.jmx.export.annotation.AnnotationMBeanExporter - Bean with name 'refreshScope' has been autodetected for JMX exposure
2018-06-05 10:43:08,426 - INFO  - logging.application.name_IS_UNDEFINED - org.springframework.jmx.export.annotation.AnnotationMBeanExporter - Located managed bean 'environmentManager': registering with JMX server as MBean [org.springframework.cloud.context.environment:name=environmentManager,type=EnvironmentManager]
2018-06-05 10:43:08,444 - INFO  - logging.application.name_IS_UNDEFINED - org.springframework.jmx.export.annotation.AnnotationMBeanExporter - Located managed bean 'refreshScope': registering with JMX server as MBean [org.springframework.cloud.context.scope.refresh:name=refreshScope,type=RefreshScope]
2018-06-05 10:43:08,465 - INFO  - logging.application.name_IS_UNDEFINED - org.springframework.jmx.export.annotation.AnnotationMBeanExporter - Located managed bean 'configurationPropertiesRebinder': registering with JMX server as MBean [org.springframework.cloud.context.properties:name=configurationPropertiesRebinder,context=51dbd6e4,type=ConfigurationPropertiesRebinder]
2018-06-05 10:43:08,667 - WARN  - logging.application.name_IS_UNDEFINED - org.hibernate.validator.messageinterpolation.ParameterMessageInterpolator - HV000184: ParameterMessageInterpolator has been chosen, EL interpolation will not be supported
2018-06-05 10:43:08,677 - INFO  - logging.application.name_IS_UNDEFINED - org.springframework.context.support.DefaultLifecycleProcessor - Starting beans in phase 0
2018-06-05 10:43:08,687 - INFO  - logging.application.name_IS_UNDEFINED - org.springframework.cloud.netflix.eureka.InstanceInfoFactory - Setting initial instance status as: STARTING
2018-06-05 10:43:08,760 - INFO  - logging.application.name_IS_UNDEFINED - com.netflix.discovery.DiscoveryClient - Initializing Eureka in region us-east-1
2018-06-05 10:43:08,761 - INFO  - logging.application.name_IS_UNDEFINED - com.netflix.discovery.DiscoveryClient - Client configured to neither register nor query for data.
2018-06-05 10:43:08,778 - INFO  - logging.application.name_IS_UNDEFINED - com.netflix.discovery.DiscoveryClient - Discovery Client initialized at timestamp 1528166588778 with initial instances count: 0
2018-06-05 10:43:08,789 - INFO  - logging.application.name_IS_UNDEFINED - org.springframework.cloud.netflix.eureka.serviceregistry.EurekaServiceRegistry - Registering application unknown with eureka with status UP
2018-06-05 10:43:08,810 - INFO  - logging.application.name_IS_UNDEFINED - org.apache.coyote.http11.Http11NioProtocol - Initializing ProtocolHandler ["http-nio-8080"]
2018-06-05 10:43:08,831 - INFO  - logging.application.name_IS_UNDEFINED - org.apache.coyote.http11.Http11NioProtocol - Starting ProtocolHandler ["http-nio-8080"]
2018-06-05 10:43:08,852 - INFO  - logging.application.name_IS_UNDEFINED - org.apache.tomcat.util.net.NioSelectorPool - Using a shared selector for servlet write/read
2018-06-05 10:43:08,883 - INFO  - logging.application.name_IS_UNDEFINED - org.springframework.boot.context.embedded.tomcat.TomcatEmbeddedServletContainer - Tomcat started on port(s): 8080 (http)
2018-06-05 10:43:08,890 - INFO  - logging.application.name_IS_UNDEFINED - o.s.cloud.netflix.eureka.serviceregistry.EurekaAutoServiceRegistration - Updating port to 8080
2018-06-05 10:43:08,898 - INFO  - logging.application.name_IS_UNDEFINED - com.dragonball.web.api.DragonBallWebApiApplication - Started DragonBallWebApiApplication in 12.843 seconds (JVM running for 13.813)
2018-06-05 10:43:59,370 - INFO  - logging.application.name_IS_UNDEFINED - org.apache.catalina.core.ContainerBase.[Tomcat].[localhost].[/] - Initializing Spring FrameworkServlet 'dispatcherServlet'
2018-06-05 10:43:59,370 - INFO  - logging.application.name_IS_UNDEFINED - org.springframework.web.servlet.DispatcherServlet - FrameworkServlet 'dispatcherServlet': initialization started
2018-06-05 10:43:59,403 - INFO  - logging.application.name_IS_UNDEFINED - org.springframework.web.servlet.DispatcherServlet - FrameworkServlet 'dispatcherServlet': initialization completed in 33 ms
2018-06-05 10:43:59,522 - WARN  - logging.application.name_IS_UNDEFINED - org.springframework.web.servlet.mvc.support.DefaultHandlerExceptionResolver - Failed to read HTTP message: org.springframework.http.converter.HttpMessageNotReadableException: Required request body is missing: public com.dragonball.common.context.response.IServiceResponse com.dragonball.web.api.controller.user.UserController.selectUser(com.dragonball.model.user.request.UserRequest)
2018-06-05 10:46:26,224 - INFO  - logging.application.name_IS_UNDEFINED - org.springframework.context.annotation.AnnotationConfigApplicationContext - Refreshing org.springframework.context.annotation.AnnotationConfigApplicationContext@5117dd67: startup date [Tue Jun 05 10:46:26 CST 2018]; root of context hierarchy
2018-06-05 10:46:26,647 - INFO  - logging.application.name_IS_UNDEFINED - org.hibernate.validator.internal.util.Version - HV000001: Hibernate Validator 5.3.6.Final
2018-06-05 10:46:26,680 - INFO  - logging.application.name_IS_UNDEFINED - o.springframework.beans.factory.annotation.AutowiredAnnotationBeanPostProcessor - JSR-330 'javax.inject.Inject' annotation found and supported for autowiring
2018-06-05 10:46:26,741 - INFO  - logging.application.name_IS_UNDEFINED - o.s.context.support.PostProcessorRegistrationDelegate$BeanPostProcessorChecker - Bean 'configurationPropertiesRebinderAutoConfiguration' of type [org.springframework.cloud.autoconfigure.ConfigurationPropertiesRebinderAutoConfiguration$$EnhancerBySpringCGLIB$$45b9ba0a] is not eligible for getting processed by all BeanPostProcessors (for example: not eligible for auto-proxying)
2018-06-05 10:46:26,872 - WARN  - logging.application.name_IS_UNDEFINED - org.hibernate.validator.messageinterpolation.ParameterMessageInterpolator - HV000184: ParameterMessageInterpolator has been chosen, EL interpolation will not be supported
2018-06-05 10:46:27,793 - INFO  - logging.application.name_IS_UNDEFINED - com.dragonball.web.api.DragonBallWebApiApplication - The following profiles are active: dev
2018-06-05 10:46:27,824 - INFO  - logging.application.name_IS_UNDEFINED - o.s.boot.context.embedded.AnnotationConfigEmbeddedWebApplicationContext - Refreshing org.springframework.boot.context.embedded.AnnotationConfigEmbeddedWebApplicationContext@52fc5eb1: startup date [Tue Jun 05 10:46:27 CST 2018]; parent: org.springframework.context.annotation.AnnotationConfigApplicationContext@5117dd67
2018-06-05 10:46:28,755 - INFO  - logging.application.name_IS_UNDEFINED - org.springframework.data.repository.config.RepositoryConfigurationDelegate - Multiple Spring Data modules found, entering strict repository configuration mode!
2018-06-05 10:46:29,182 - INFO  - logging.application.name_IS_UNDEFINED - org.springframework.cloud.context.scope.GenericScope - BeanFactory id=9dc8a666-cb35-3218-a05b-55f14a72e1a0
2018-06-05 10:46:29,209 - INFO  - logging.application.name_IS_UNDEFINED - o.springframework.beans.factory.annotation.AutowiredAnnotationBeanPostProcessor - JSR-330 'javax.inject.Inject' annotation found and supported for autowiring
2018-06-05 10:46:29,424 - INFO  - logging.application.name_IS_UNDEFINED - o.s.context.support.PostProcessorRegistrationDelegate$BeanPostProcessorChecker - Bean 'org.springframework.transaction.annotation.ProxyTransactionManagementConfiguration' of type [org.springframework.transaction.annotation.ProxyTransactionManagementConfiguration$$EnhancerBySpringCGLIB$$299fb70d] is not eligible for getting processed by all BeanPostProcessors (for example: not eligible for auto-proxying)
2018-06-05 10:46:29,474 - INFO  - logging.application.name_IS_UNDEFINED - o.s.context.support.PostProcessorRegistrationDelegate$BeanPostProcessorChecker - Bean 'org.springframework.cloud.autoconfigure.ConfigurationPropertiesRebinderAutoConfiguration' of type [org.springframework.cloud.autoconfigure.ConfigurationPropertiesRebinderAutoConfiguration$$EnhancerBySpringCGLIB$$45b9ba0a] is not eligible for getting processed by all BeanPostProcessors (for example: not eligible for auto-proxying)
2018-06-05 10:46:29,534 - WARN  - logging.application.name_IS_UNDEFINED - org.hibernate.validator.messageinterpolation.ParameterMessageInterpolator - HV000184: ParameterMessageInterpolator has been chosen, EL interpolation will not be supported
2018-06-05 10:46:30,104 - INFO  - logging.application.name_IS_UNDEFINED - org.springframework.boot.context.embedded.tomcat.TomcatEmbeddedServletContainer - Tomcat initialized with port(s): 8080 (http)
2018-06-05 10:46:30,124 - INFO  - logging.application.name_IS_UNDEFINED - org.apache.catalina.core.StandardService - Starting service [Tomcat]
2018-06-05 10:46:30,125 - INFO  - logging.application.name_IS_UNDEFINED - org.apache.catalina.core.StandardEngine - Starting Servlet Engine: Apache Tomcat/8.5.23
2018-06-05 10:46:30,396 - INFO  - logging.application.name_IS_UNDEFINED - org.apache.catalina.core.ContainerBase.[Tomcat].[localhost].[/] - Initializing Spring embedded WebApplicationContext
2018-06-05 10:46:30,396 - INFO  - logging.application.name_IS_UNDEFINED - org.springframework.web.context.ContextLoader - Root WebApplicationContext: initialization completed in 2572 ms
2018-06-05 10:46:30,631 - INFO  - logging.application.name_IS_UNDEFINED - org.springframework.boot.web.servlet.ServletRegistrationBean - Mapping servlet: 'dispatcherServlet' to [/]
2018-06-05 10:46:30,638 - INFO  - logging.application.name_IS_UNDEFINED - org.springframework.boot.web.servlet.FilterRegistrationBean - Mapping filter: 'characterEncodingFilter' to: [/*]
2018-06-05 10:46:30,639 - INFO  - logging.application.name_IS_UNDEFINED - org.springframework.boot.web.servlet.FilterRegistrationBean - Mapping filter: 'hiddenHttpMethodFilter' to: [/*]
2018-06-05 10:46:30,639 - INFO  - logging.application.name_IS_UNDEFINED - org.springframework.boot.web.servlet.FilterRegistrationBean - Mapping filter: 'httpPutFormContentFilter' to: [/*]
2018-06-05 10:46:30,639 - INFO  - logging.application.name_IS_UNDEFINED - org.springframework.boot.web.servlet.FilterRegistrationBean - Mapping filter: 'requestContextFilter' to: [/*]
2018-06-05 10:46:31,485 - WARN  - logging.application.name_IS_UNDEFINED - org.springframework.cloud.netflix.archaius.ArchaiusAutoConfiguration - No spring.application.name found, defaulting to 'application'
2018-06-05 10:46:31,492 - WARN  - logging.application.name_IS_UNDEFINED - com.netflix.config.sources.URLConfigurationSource - No URLs will be polled as dynamic configuration sources.
2018-06-05 10:46:31,492 - INFO  - logging.application.name_IS_UNDEFINED - com.netflix.config.sources.URLConfigurationSource - To enable URLs as dynamic configuration sources, define System property archaius.configurationSource.additionalUrls or make config.properties available on classpath.
2018-06-05 10:46:31,503 - WARN  - logging.application.name_IS_UNDEFINED - com.netflix.config.sources.URLConfigurationSource - No URLs will be polled as dynamic configuration sources.
2018-06-05 10:46:31,503 - INFO  - logging.application.name_IS_UNDEFINED - com.netflix.config.sources.URLConfigurationSource - To enable URLs as dynamic configuration sources, define System property archaius.configurationSource.additionalUrls or make config.properties available on classpath.
2018-06-05 10:46:31,537 - WARN  - logging.application.name_IS_UNDEFINED - org.hibernate.validator.messageinterpolation.ParameterMessageInterpolator - HV000184: ParameterMessageInterpolator has been chosen, EL interpolation will not be supported
2018-06-05 10:46:31,950 - INFO  - logging.application.name_IS_UNDEFINED - o.springframework.web.servlet.mvc.method.annotation.RequestMappingHandlerAdapter - Looking for @ControllerAdvice: org.springframework.boot.context.embedded.AnnotationConfigEmbeddedWebApplicationContext@52fc5eb1: startup date [Tue Jun 05 10:46:27 CST 2018]; parent: org.springframework.context.annotation.AnnotationConfigApplicationContext@5117dd67
2018-06-05 10:46:32,031 - INFO  - logging.application.name_IS_UNDEFINED - o.springframework.web.servlet.mvc.method.annotation.RequestMappingHandlerMapping - Mapped "{[/user/addUser],methods=[POST]}" onto public com.dragonball.common.context.response.IServiceResponse com.dragonball.web.api.controller.user.UserController.addUser(com.dragonball.model.user.request.UserRequest)
2018-06-05 10:46:32,032 - INFO  - logging.application.name_IS_UNDEFINED - o.springframework.web.servlet.mvc.method.annotation.RequestMappingHandlerMapping - Mapped "{[/user/selectUser],methods=[POST]}" onto public com.dragonball.common.context.response.IServiceResponse com.dragonball.web.api.controller.user.UserController.selectUser(com.dragonball.model.user.request.UserRequest)
2018-06-05 10:46:32,033 - INFO  - logging.application.name_IS_UNDEFINED - o.springframework.web.servlet.mvc.method.annotation.RequestMappingHandlerMapping - Mapped "{[/user/updateUser],methods=[POST]}" onto public com.dragonball.common.context.response.IServiceResponse com.dragonball.web.api.controller.user.UserController.updateUser(com.dragonball.model.user.request.UserRequest)
2018-06-05 10:46:32,033 - INFO  - logging.application.name_IS_UNDEFINED - o.springframework.web.servlet.mvc.method.annotation.RequestMappingHandlerMapping - Mapped "{[/user/deleteUser],methods=[POST]}" onto public com.dragonball.common.context.response.IServiceResponse com.dragonball.web.api.controller.user.UserController.deleteUser(com.dragonball.model.user.request.UserRequest)
2018-06-05 10:46:32,035 - INFO  - logging.application.name_IS_UNDEFINED - o.springframework.web.servlet.mvc.method.annotation.RequestMappingHandlerMapping - Mapped "{[/error]}" onto public org.springframework.http.ResponseEntity<java.util.Map<java.lang.String, java.lang.Object>> org.springframework.boot.autoconfigure.web.BasicErrorController.error(javax.servlet.http.HttpServletRequest)
2018-06-05 10:46:32,035 - INFO  - logging.application.name_IS_UNDEFINED - o.springframework.web.servlet.mvc.method.annotation.RequestMappingHandlerMapping - Mapped "{[/error],produces=[text/html]}" onto public org.springframework.web.servlet.ModelAndView org.springframework.boot.autoconfigure.web.BasicErrorController.errorHtml(javax.servlet.http.HttpServletRequest,javax.servlet.http.HttpServletResponse)
2018-06-05 10:46:32,088 - INFO  - logging.application.name_IS_UNDEFINED - org.springframework.web.servlet.handler.SimpleUrlHandlerMapping - Mapped URL path [/webjars/**] onto handler of type [class org.springframework.web.servlet.resource.ResourceHttpRequestHandler]
2018-06-05 10:46:32,088 - INFO  - logging.application.name_IS_UNDEFINED - org.springframework.web.servlet.handler.SimpleUrlHandlerMapping - Mapped URL path [/**] onto handler of type [class org.springframework.web.servlet.resource.ResourceHttpRequestHandler]
2018-06-05 10:46:32,147 - INFO  - logging.application.name_IS_UNDEFINED - org.springframework.web.servlet.handler.SimpleUrlHandlerMapping - Mapped URL path [/**/favicon.ico] onto handler of type [class org.springframework.web.servlet.resource.ResourceHttpRequestHandler]
2018-06-05 10:46:34,516 - WARN  - logging.application.name_IS_UNDEFINED - o.s.cloud.starter.eureka.EurekaStarterDeprecationWarningAutoConfiguration - spring-cloud-starter-eureka is deprecated as of Spring Cloud Netflix 1.4.0, please migrate to spring-cloud-starter-netflix-eureka
2018-06-05 10:46:34,726 - INFO  - logging.application.name_IS_UNDEFINED - org.springframework.jmx.export.annotation.AnnotationMBeanExporter - Registering beans for JMX exposure on startup
2018-06-05 10:46:34,740 - INFO  - logging.application.name_IS_UNDEFINED - org.springframework.jmx.export.annotation.AnnotationMBeanExporter - Bean with name 'environmentManager' has been autodetected for JMX exposure
2018-06-05 10:46:34,742 - INFO  - logging.application.name_IS_UNDEFINED - org.springframework.jmx.export.annotation.AnnotationMBeanExporter - Bean with name 'configurationPropertiesRebinder' has been autodetected for JMX exposure
2018-06-05 10:46:34,744 - INFO  - logging.application.name_IS_UNDEFINED - org.springframework.jmx.export.annotation.AnnotationMBeanExporter - Bean with name 'refreshScope' has been autodetected for JMX exposure
2018-06-05 10:46:34,747 - INFO  - logging.application.name_IS_UNDEFINED - org.springframework.jmx.export.annotation.AnnotationMBeanExporter - Located managed bean 'environmentManager': registering with JMX server as MBean [org.springframework.cloud.context.environment:name=environmentManager,type=EnvironmentManager]
2018-06-05 10:46:34,764 - INFO  - logging.application.name_IS_UNDEFINED - org.springframework.jmx.export.annotation.AnnotationMBeanExporter - Located managed bean 'refreshScope': registering with JMX server as MBean [org.springframework.cloud.context.scope.refresh:name=refreshScope,type=RefreshScope]
2018-06-05 10:46:34,780 - INFO  - logging.application.name_IS_UNDEFINED - org.springframework.jmx.export.annotation.AnnotationMBeanExporter - Located managed bean 'configurationPropertiesRebinder': registering with JMX server as MBean [org.springframework.cloud.context.properties:name=configurationPropertiesRebinder,context=52fc5eb1,type=ConfigurationPropertiesRebinder]
2018-06-05 10:46:34,985 - WARN  - logging.application.name_IS_UNDEFINED - org.hibernate.validator.messageinterpolation.ParameterMessageInterpolator - HV000184: ParameterMessageInterpolator has been chosen, EL interpolation will not be supported
2018-06-05 10:46:34,999 - INFO  - logging.application.name_IS_UNDEFINED - org.springframework.context.support.DefaultLifecycleProcessor - Starting beans in phase 0
2018-06-05 10:46:35,013 - INFO  - logging.application.name_IS_UNDEFINED - org.springframework.cloud.netflix.eureka.InstanceInfoFactory - Setting initial instance status as: STARTING
2018-06-05 10:46:35,092 - INFO  - logging.application.name_IS_UNDEFINED - com.netflix.discovery.DiscoveryClient - Initializing Eureka in region us-east-1
2018-06-05 10:46:35,092 - INFO  - logging.application.name_IS_UNDEFINED - com.netflix.discovery.DiscoveryClient - Client configured to neither register nor query for data.
2018-06-05 10:46:35,112 - INFO  - logging.application.name_IS_UNDEFINED - com.netflix.discovery.DiscoveryClient - Discovery Client initialized at timestamp 1528166795111 with initial instances count: 0
2018-06-05 10:46:35,126 - INFO  - logging.application.name_IS_UNDEFINED - org.springframework.cloud.netflix.eureka.serviceregistry.EurekaServiceRegistry - Registering application unknown with eureka with status UP
2018-06-05 10:46:35,150 - INFO  - logging.application.name_IS_UNDEFINED - org.apache.coyote.http11.Http11NioProtocol - Initializing ProtocolHandler ["http-nio-8080"]
2018-06-05 10:46:35,177 - INFO  - logging.application.name_IS_UNDEFINED - org.apache.coyote.http11.Http11NioProtocol - Starting ProtocolHandler ["http-nio-8080"]
2018-06-05 10:46:35,200 - INFO  - logging.application.name_IS_UNDEFINED - org.apache.tomcat.util.net.NioSelectorPool - Using a shared selector for servlet write/read
2018-06-05 10:46:35,240 - INFO  - logging.application.name_IS_UNDEFINED - org.springframework.boot.context.embedded.tomcat.TomcatEmbeddedServletContainer - Tomcat started on port(s): 8080 (http)
2018-06-05 10:46:35,241 - INFO  - logging.application.name_IS_UNDEFINED - o.s.cloud.netflix.eureka.serviceregistry.EurekaAutoServiceRegistration - Updating port to 8080
2018-06-05 10:46:35,248 - INFO  - logging.application.name_IS_UNDEFINED - com.dragonball.web.api.DragonBallWebApiApplication - Started DragonBallWebApiApplication in 10.777 seconds (JVM running for 11.618)
